<?xml version="1.0" encoding="UTF-8"?>
<coverage generated="1723522254901" clover="3.2.0">
  <project timestamp="1723522254902" name="All files">
    <metrics statements="12" coveredstatements="1" conditionals="5" coveredconditionals="0" methods="7" coveredmethods="1" elements="24" coveredelements="2" complexity="0" loc="12" ncloc="12" packages="4" files="5" classes="5"/>
    <package name="components">
      <metrics statements="3" coveredstatements="0" conditionals="0" coveredconditionals="0" methods="2" coveredmethods="0"/>
      <file name="not-found.tsx" path="C:/Code/react-boilerplate/src/components/not-found.tsx">
        <metrics statements="3" coveredstatements="0" conditionals="0" coveredconditionals="0" methods="2" coveredmethods="0"/>
        <line num="7" count="0" type="stmt"/>
        <line num="8" count="0" type="stmt"/>
        <line num="9" count="0" type="stmt"/>
      </file>
    </package>
    <package name="components.loading">
      <metrics statements="1" coveredstatements="0" conditionals="5" coveredconditionals="0" methods="1" coveredmethods="0"/>
      <file name="loading.tsx" path="C:/Code/react-boilerplate/src/components/loading/loading.tsx">
        <metrics statements="1" coveredstatements="0" conditionals="5" coveredconditionals="0" methods="1" coveredmethods="0"/>
        <line num="13" count="0" type="stmt"/>
      </file>
    </package>
    <package name="contexts.tanstack-query">
      <metrics statements="5" coveredstatements="0" conditionals="0" coveredconditionals="0" methods="2" coveredmethods="0"/>
      <file name="index.tsx" path="C:/Code/react-boilerplate/src/contexts/tanstack-query/index.tsx">
        <metrics statements="5" coveredstatements="0" conditionals="0" coveredconditionals="0" methods="2" coveredmethods="0"/>
        <line num="6" count="0" type="stmt"/>
        <line num="12" count="0" type="stmt"/>
        <line num="14" count="0" type="stmt"/>
        <line num="23" count="0" type="stmt"/>
        <line num="36" count="0" type="stmt"/>
      </file>
    </package>
    <package name="utils.styles">
      <metrics statements="3" coveredstatements="1" conditionals="0" coveredconditionals="0" methods="2" coveredmethods="1"/>
      <file name="cn.ts" path="C:/Code/react-boilerplate/src/utils/styles/cn.ts">
        <metrics statements="1" coveredstatements="1" conditionals="0" coveredconditionals="0" methods="1" coveredmethods="1"/>
        <line num="5" count="8" type="stmt"/>
      </file>
      <file name="get-global-css-variables.ts" path="C:/Code/react-boilerplate/src/utils/styles/get-global-css-variables.ts">
        <metrics statements="2" coveredstatements="0" conditionals="0" coveredconditionals="0" methods="1" coveredmethods="0"/>
        <line num="1" count="0" type="stmt"/>
        <line num="2" count="0" type="stmt"/>
      </file>
    </package>
  </project>
</coverage>
