{"C:/Code/react-boilerplate/src/components/not-found.tsx": {"path":"C:/Code/react-boilerplate/src/components/not-found.tsx","statementMap":{"0":{"start":{"line":7,"column":24},"end":{"line":17,"column":2}},"1":{"start":{"line":8,"column":2},"end":{"line":10,"column":null}},"2":{"start":{"line":9,"column":4},"end":{"line":9,"column":null}}},"fnMap":{"0":{"name":"(anonymous_0)","decl":{"start":{"line":7,"column":24},"end":{"line":7,"column":null}},"loc":{"start":{"line":7,"column":24},"end":{"line":17,"column":2}}},"1":{"name":"(anonymous_1)","decl":{"start":{"line":8,"column":12},"end":{"line":8,"column":null}},"loc":{"start":{"line":8,"column":12},"end":{"line":10,"column":5}}}},"branchMap":{},"s":{"0":0,"1":0,"2":0},"f":{"0":0,"1":0},"b":{}}
,"C:/Code/react-boilerplate/src/components/loading/loading.tsx": {"path":"C:/Code/react-boilerplate/src/components/loading/loading.tsx","statementMap":{"0":{"start":{"line":13,"column":23},"end":{"line":72,"column":2}}},"fnMap":{"0":{"name":"(anonymous_0)","decl":{"start":{"line":13,"column":23},"end":{"line":13,"column":24}},"loc":{"start":{"line":20,"column":15},"end":{"line":72,"column":2}}}},"branchMap":{"0":{"loc":{"start":{"line":14,"column":2},"end":{"line":14,"column":12}},"type":"default-arg","locations":[{"start":{"line":14,"column":9},"end":{"line":14,"column":12}}]},"1":{"loc":{"start":{"line":15,"column":2},"end":{"line":15,"column":21}},"type":"default-arg","locations":[{"start":{"line":15,"column":16},"end":{"line":15,"column":21}}]},"2":{"loc":{"start":{"line":16,"column":2},"end":{"line":16,"column":43}},"type":"default-arg","locations":[{"start":{"line":16,"column":10},"end":{"line":16,"column":43}}]},"3":{"loc":{"start":{"line":17,"column":2},"end":{"line":17,"column":15}},"type":"default-arg","locations":[{"start":{"line":17,"column":14},"end":{"line":17,"column":15}}]},"4":{"loc":{"start":{"line":18,"column":2},"end":{"line":18,"column":19}},"type":"default-arg","locations":[{"start":{"line":18,"column":18},"end":{"line":18,"column":19}}]}},"s":{"0":0},"f":{"0":0},"b":{"0":[0],"1":[0],"2":[0],"3":[0],"4":[0]}}
,"C:/Code/react-boilerplate/src/contexts/tanstack-query/index.tsx": {"path":"C:/Code/react-boilerplate/src/contexts/tanstack-query/index.tsx","statementMap":{"0":{"start":{"line":6,"column":36},"end":{"line":10,"column":null}},"1":{"start":{"line":12,"column":30},"end":{"line":12,"column":79}},"2":{"start":{"line":14,"column":36},"end":{"line":21,"column":2}},"3":{"start":{"line":23,"column":24},"end":{"line":30,"column":null}},"4":{"start":{"line":36,"column":32},"end":{"line":41,"column":2}}},"fnMap":{"0":{"name":"(anonymous_0)","decl":{"start":{"line":14,"column":36},"end":{"line":14,"column":37}},"loc":{"start":{"line":14,"column":74},"end":{"line":21,"column":2}}},"1":{"name":"(anonymous_1)","decl":{"start":{"line":36,"column":32},"end":{"line":36,"column":null}},"loc":{"start":{"line":36,"column":32},"end":{"line":41,"column":2}}}},"branchMap":{},"s":{"0":0,"1":0,"2":0,"3":0,"4":0},"f":{"0":0,"1":0},"b":{}}
,"C:/Code/react-boilerplate/src/utils/styles/cn.ts": {"path":"C:/Code/react-boilerplate/src/utils/styles/cn.ts","statementMap":{"0":{"start":{"line":5,"column":2},"end":{"line":5,"column":null}}},"fnMap":{"0":{"name":"cn","decl":{"start":{"line":4,"column":16},"end":{"line":4,"column":19}},"loc":{"start":{"line":4,"column":42},"end":{"line":6,"column":null}}}},"branchMap":{},"s":{"0":8},"f":{"0":8},"b":{}}
,"C:/Code/react-boilerplate/src/utils/styles/get-global-css-variables.ts": {"path":"C:/Code/react-boilerplate/src/utils/styles/get-global-css-variables.ts","statementMap":{"0":{"start":{"line":1,"column":36},"end":{"line":2,"column":75}},"1":{"start":{"line":2,"column":2},"end":{"line":2,"column":75}}},"fnMap":{"0":{"name":"(anonymous_0)","decl":{"start":{"line":1,"column":36},"end":{"line":1,"column":37}},"loc":{"start":{"line":2,"column":2},"end":{"line":2,"column":75}}}},"branchMap":{},"s":{"0":0,"1":0},"f":{"0":0},"b":{}}
}
